<?xml version="1.0" encoding="UTF-8"?>
<!-- Generated by org.testng.reporters.JUnitXMLReporter -->
<testsuite ignored="0" hostname="DESKTOP-JDIE6OT" failures="0" tests="2" name="Error Validations" time="12.332" errors="0" timestamp="2025-08-01T12:41:02 EET">
  <testcase classname="kamelamarneh.Tests.ErrorValidations" name="GetErrorMessage" time="1.056"/>
  <testcase classname="kamelamarneh.Tests.ErrorValidations" name="ProductErrorValidation" time="2.24"/>
</testsuite> <!-- Error Validations -->
