<?xml version="1.0" encoding="UTF-8"?>
<!-- Generated by org.testng.reporters.JUnitXMLReporter -->
<testsuite ignored="0" hostname="DESKTOP-JDIE6OT" failures="0" tests="3" name="Submit OrderTest" time="41.31" errors="0" timestamp="2025-08-01T12:41:31 EET">
  <testcase classname="kamelamarneh.Tests.SubmitOrderTest" name="submitOrder" time="13.465"/>
  <testcase classname="kamelamarneh.Tests.SubmitOrderTest" name="submitOrder" time="13.142"/>
  <testcase classname="kamelamarneh.Tests.SubmitOrderTest" name="OrderHistoryTest" time="0.797"/>
</testsuite> <!-- Submit OrderTest -->
