<?xml version="1.0" encoding="UTF-8"?>
<!-- Generated by org.testng.reporters.JUnitXMLReporter -->
<testsuite ignored="0" hostname="DESKTOP-JDIE6OT" failures="0" tests="3" name="Submit OrderTest" time="46.963" errors="0" timestamp="2025-08-02T02:11:07 EET">
  <testcase classname="kamelamarneh.Tests.SubmitOrderTest" name="submitOrder" time="14.485"/>
  <testcase classname="kamelamarneh.Tests.SubmitOrderTest" name="submitOrder" time="14.456"/>
  <testcase classname="kamelamarneh.Tests.SubmitOrderTest" name="OrderHistoryTest" time="0.884"/>
</testsuite> <!-- Submit OrderTest -->
